Arguments: 
  /usr/local/Cellar/node/7.8.0/bin/node /usr/local/bin/yarn install

PATH: 
  /usr/local/bin:/usr/bin:/bin:/usr/sbin:/sbin

Yarn version: 
  0.22.0

Node version: 
  7.8.0

Platform: 
  darwin x64

npm manifest: 
  {
    "name": "zebra-cli",
    "version": "0.0.0",
    "license": "MIT",
    "scripts": {
      "ng": "ng",
      "start": "ng serve",
      "build": "ng build",
      "test": "ng test",
      "lint": "ng lint",
      "e2e": "ng e2e"
    },
    "private": true,
    "dependencies": {
      "@angular/common": "^2.4.0",
      "@angular/compiler": "^2.4.0",
      "@angular/core": "^2.4.0",
      "@angular/forms": "^2.4.0",
      "@angular/http": "^2.4.0",
      "@angular/platform-browser": "^2.4.0",
      "@angular/platform-browser-dynamic": "^2.4.0",
      "@angular/router": "^3.4.0",
      "angularfire2": "^2.0.0-beta.8",
      "core-js": "^2.4.1",
      "firebase": "^3.7.2",
      "rxjs": "^5.1.0",
      "semantic-ui": "^2.2.9",
      "zone.js": "^0.7.6"
    },
    "devDependencies": {
      "@angular/cli": "1.0.0-rc.2",
      "@angular/compiler-cli": "^2.4.0",
      "@types/jasmine": "2.5.38",
      "@types/node": "~6.0.60",
      "codelyzer": "~2.0.0",
      "jasmine-core": "~2.5.2",
      "jasmine-spec-reporter": "~3.2.0",
      "karma": "~1.4.1",
      "karma-chrome-launcher": "~2.0.0",
      "karma-cli": "~1.0.1",
      "karma-coverage-istanbul-reporter": "^0.2.0",
      "karma-jasmine": "~1.1.0",
      "karma-jasmine-html-reporter": "^0.2.2",
      "protractor": "~5.1.0",
      "ts-node": "~2.0.0",
      "tslint": "~4.5.0",
      "typescript": "~2.0.0"
    }
  }

yarn manifest: 
  No manifest

Lockfile: 
  No lockfile

Trace: 
  Error: https://registry.yarnpkg.com/@ngtools/webpack/-/webpack-1.2.13.tgz: Request failed "500 Internal Server Error"
      at Request.handleRequestError (/usr/local/lib/node_modules/yarn/lib/fetchers/tarball-fetcher.js:231:20)
      at emitOne (events.js:96:13)
      at Request.emit (events.js:191:7)
      at Request.onRequestResponse (/usr/local/lib/node_modules/yarn/node_modules/request/request.js:1074:10)
      at emitOne (events.js:96:13)
      at ClientRequest.emit (events.js:191:7)
      at HTTPParser.parserOnIncomingClient (_http_client.js:522:21)
      at HTTPParser.parserOnHeadersComplete (_http_common.js:99:23)
      at TLSSocket.socketOnData (_http_client.js:411:20)
      at emitOne (events.js:96:13)
      at TLSSocket.emit (events.js:191:7)
